[Thursday/August 14/08/2025 22:20:02] /home/mb/Videos/Berserk_1997_multi/Berserk_S01E001.mkv | length=1416.958 | time=149.441
[Thursday/August 14/08/2025 22:21:09] /home/mb/Videos/Berserk_1997_multi/Berserk_S01E001.mkv | length=1416.958 | time=150.108
[Thursday/August 14/08/2025 22:22:15] /home/mb/Videos/Berserk_1997_multi/Berserk_S01E001.mkv | length=1416.958 | time=151.943
[Saturday/September 27/09/2025 17:32:47] /home/mb/Videos/TODO/[YakuboEncodes] Cowboy Bebop - 01 ~ 26 + Movie [BD 1080p 10bit][x265 HEVC][Dual Audio 5.1]/CowboyBebop_S01E001.mkv | length=1483.164 | time=5.721
[Saturday/September 27/09/2025 17:33:13] /home/mb/Videos/TODO/[YakuboEncodes] Cowboy Bebop - 01 ~ 26 + Movie [BD 1080p 10bit][x265 HEVC][Dual Audio 5.1]/CowboyBebop_S01E001.mkv | length=1483.164 | time=8.14
[Monday/September 29/09/2025 14:17:01] /home/mb/Videos/TODO/cowboy/CowboyBebop_S01E007.mp4 | length=1481.3131555556 | time=178.05245555556
[Tuesday/September 30/09/2025 14:41:04] /home/mb/Videos/TODO/cowboy/CowboyBebop_S01E011.mp4 | length=1481.1463222222 | time=641.93253333333
[Friday/October 03/10/2025 14:50:36] /home/mb/Videos/TODO/[YakuboEncodes] Cowboy Bebop - 01 ~ 26 + Movie [BD 1080p 10bit][x265 HEVC][Dual Audio 5.1]/CowboyBebop_S01E009.mkv | length=1473.721 | time=101.734
[Friday/October 03/10/2025 14:51:44] /home/mb/Videos/TODO/cowboy/CowboyBebop_S01E009.mp4 | length=1473.6805333333 | time=124.7075
[Friday/October 03/10/2025 14:53:40] /home/mb/Videos/TODO/[YakuboEncodes] Cowboy Bebop - 01 ~ 26 + Movie [BD 1080p 10bit][x265 HEVC][Dual Audio 5.1]/CowboyBebop_S01E012.mkv | length=1480.997 | time=92.391
[Friday/October 03/10/2025 14:54:41] /home/mb/Videos/TODO/[YakuboEncodes] Cowboy Bebop - 01 ~ 26 + Movie [BD 1080p 10bit][x265 HEVC][Dual Audio 5.1]/CowboyBebop_S01E011.mkv | length=1482.547 | time=119.084
[Friday/October 03/10/2025 15:29:31] /home/mb/Videos/TODO/cowboy/CowboyBebop_S01E012.mp4 | length=1480.1870333333 | time=534.1165
[Sunday/October 05/10/2025 15:50:11] /home/mb/Videos/TODO/cowboy/CowboyBebop_S01E011.mp4 | length=1481.1463222222 | time=0
[Sunday/October 05/10/2025 15:50:17] /home/mb/Videos/TODO/cowboy/CowboyBebop_S01E011.mp4 | length=1481.1463222222 | time=646.93753333333
[Sunday/October 05/10/2025 16:27:43] /home/mb/Videos/TODO/cowboy/CowboyBebop_S01E012.mp4 | length=1480.1870333333 | time=742.3662
[Sunday/October 05/10/2025 13:56:15] /home/mb/Videos/TODO/cowboy/CowboyBebop_S01E012.mp4 | length=1480.1870333333 | time=1439.9797888889
[Tuesday/October 07/10/2025 13:12:18] /home/mb/Videos/TODO/cowboy/CowboyBebop_S01E013.mp4 | length=1481.6885333333 | time=735.02553333333
[Thursday/October 16/10/2025 19:12:27] /home/mb/Downloads/Speakout 3rd Edition (2022)/Speakout 3rd Edition A2/Speakout 3rd Edition A2 Videos/SO3 A2 U1 BBC Vlogs.mp4 | length=108.08 | time=0
[Thursday/October 16/10/2025 19:12:29] /home/mb/Downloads/Speakout 3rd Edition (2022)/Speakout 3rd Edition A2/Speakout 3rd Edition A2 Videos/SO3 A2 U1 BBC StreetInt.mp4 | length=118.56 | time=0.2
[Thursday/October 16/10/2025 19:20:48] /home/mb/Downloads/Speakout 3rd Edition (2022)/Speakout 3rd Edition A2/Speakout 3rd Edition A2 Videos/SO3 A2 U1 BBC Vlogs.mp4 | length=108.08 | time=47.84
[Thursday/October 16/10/2025 19:31:06] /home/mb/Downloads/Speakout 3rd Edition (2022)/Speakout 3rd Edition A2/Speakout 3rd Edition A2 Class Audio/003_SO3_A2_SB_L_Audio_L_02.mp3 | length=73.056 | time=0
[Thursday/October 16/10/2025 19:31:22] /home/mb/Downloads/Speakout 3rd Edition (2022)/Speakout 3rd Edition A2/Speakout 3rd Edition A2 Class Audio/005_SO3_A2_SB_L_Audio_VBL_02.mp3 | length=64.368 | time=0
[Thursday/October 16/10/2025 19:31:24] /home/mb/Downloads/Speakout 3rd Edition (2022)/Speakout 3rd Edition A2/Speakout 3rd Edition A2 Class Audio/003_SO3_A2_SB_L_Audio_L_02.mp3 | length=73.056 | time=8.6826666666666
[Thursday/October 16/10/2025 19:31:31] /home/mb/Downloads/Speakout 3rd Edition (2022)/Speakout 3rd Edition A2/Speakout 3rd Edition A2 Class Audio/005_SO3_A2_SB_L_Audio_VBL_02.mp3 | length=64.368 | time=8.7858516276666
[Thursday/October 16/10/2025 19:34:58] /home/mb/Downloads/Speakout 3rd Edition (2022)/Speakout 3rd Edition A2/Speakout 3rd Edition A2 Class Audio/002_SO3_A2_SB_L_Audio_L_01.mp3 | length=37.152 | time=0
[Thursday/October 16/10/2025 19:35:07] /home/mb/Downloads/Speakout 3rd Edition (2022)/Speakout 3rd Edition A2/Speakout 3rd Edition A2 Class Audio/002_SO3_A2_SB_L_Audio_L_01.mp3 | length=37.152 | time=8.1834407713333
[Thursday/October 16/10/2025 19:35:19] /home/mb/Downloads/Speakout 3rd Edition (2022)/Speakout 3rd Edition A2/Speakout 3rd Edition A2 Class Audio/014_SO3_A2_SB_1B_Audio_1_0X.mp3 | length=135.912 | time=7.382272608
[Thursday/October 16/10/2025 21:20:13] /home/mb/Videos/TODO/cowboy/output.mp3 | length=1482.1973333333 | time=333.46531183161
[Thursday/October 16/10/2025 21:20:27] /home/mb/Videos/TODO/cowboy/CowboyBebop_S01E001.mp3 | length=1480.90775 | time=63.936326658537
[Friday/October 17/10/2025 12:32:50] /home/mb/Videos/TODO/cowboy/CowboyBebop_S01E013.mp4 | length=1481.6885333333 | time=736.90241111111
[Friday/October 17/10/2025 16:01:26] /home/mb/Videos/TODO/cowboy/CowboyBebop_S01E013.mp4 | length=1481.6885333333 | time=1451.1576222222
[Friday/October 17/10/2025 16:38:39] /home/mb/Desktop/TY/DE/B1-B2/Ziel B1+/Hueber Verlag - Ziel B1+ Kursbuch 1-4/01. Дорожка 1.mp3 | length=12.986666666667 | time=12.736601387655
[Friday/October 17/10/2025 16:41:47] /home/mb/Desktop/TY/DE/B1-B2/Ziel B1+/Hueber Verlag - Ziel B1+ Kursbuch 1-4/02. Дорожка 2.mp3 | length=104.4 | time=103.12751043871
[Sunday/October 19/10/2025 20:20:32] /home/mb/Downloads/Speakout 3rd Edition (2022)/Speakout 3rd Edition A2/Speakout 3rd Edition A2 Class Audio/014_SO3_A2_SB_1B_Audio_1_0X.mp3 | length=135.912 | time=22.614218080667
[Monday/October 20/10/2025 20:38:55] /home/mb/Downloads/Speakout 3rd Edition (2022)/Speakout 3rd Edition A2/Speakout 3rd Edition A2 Videos/SO3 A2 U2 BBC Vlogs.mp4 | length=98.84 | time=97.4
[Tuesday/October 21/10/2025 17:33:24] /home/mb/Videos/TODO/cowboy/CowboyBebop_S01E014.mp4 | length=1481.1463222222 | time=260.59324444444
[Tuesday/October 21/10/2025 18:50:47] /home/mb/Desktop/TY/DE/B1-B2/Ziel B2/B2 Band 1/Kursbuch Audio/CD1/01 Erlebt 1.wma | length=33.157 | time=32.607803370596
[Tuesday/October 21/10/2025 18:57:21] /home/mb/Desktop/TY/DE/B1-B2/Ziel B2/B2 Band 1/Kursbuch Audio/CD1/02 Erlebt 2.wma | length=188.731 | time=187.65198412698
[Wednesday/October 22/10/2025 20:27:56] /home/mb/Downloads/Speakout 3rd Edition (2022)/Speakout 3rd Edition A2/Speakout 3rd Edition A2 Class Audio/027_SO3_A2_SB_2A_Audio_2_01.mp3 | length=45.888 | time=45.646100884001
[Wednesday/October 22/10/2025 20:32:11] /home/mb/Downloads/Speakout 3rd Edition (2022)/Speakout 3rd Edition A2/Speakout 3rd Edition A2 Class Audio/028_SO3_A2_SB_2A_Audio_2_02.mp3 | length=278.88 | time=9.7849375
[Wednesday/October 22/10/2025 20:35:27] /home/mb/Downloads/Speakout 3rd Edition (2022)/Speakout 3rd Edition A2/Speakout 3rd Edition A2 Class Audio/039_SO3_A2_SB_2A_Audio_VB2_01.mp3 | length=191.208 | time=190.44363272134
[Wednesday/October 22/10/2025 20:37:14] /home/mb/Downloads/Speakout 3rd Edition (2022)/Speakout 3rd Edition A2/Speakout 3rd Edition A2 Class Audio/029_SO3_A2_SB_2A_Audio_2_03.mp3 | length=12.72 | time=0
[Wednesday/October 22/10/2025 20:37:15] /home/mb/Downloads/Speakout 3rd Edition (2022)/Speakout 3rd Edition A2/Speakout 3rd Edition A2 Class Audio/028_SO3_A2_SB_2A_Audio_2_02.mp3 | length=278.88 | time=13.368916666667
[Wednesday/October 22/10/2025 20:37:20] /home/mb/Downloads/Speakout 3rd Edition (2022)/Speakout 3rd Edition A2/Speakout 3rd Edition A2 Class Audio/029_SO3_A2_SB_2A_Audio_2_03.mp3 | length=12.72 | time=5.6916220153333
[Wednesday/October 22/10/2025 21:04:07] /home/mb/Downloads/Speakout 3rd Edition (2022)/Speakout 3rd Edition A2/Speakout 3rd Edition A2 Class Audio/028_SO3_A2_SB_2A_Audio_2_02.mp3 | length=278.88 | time=271.97802083334
[Friday/October 24/10/2025 22:17:28] /home/mb/Videos/TODO/cowboy/CowboyBebop_S01E014.mp4 | length=1481.1463222222 | time=343.17574444444
